<?xml version="1.0" encoding="UTF-8"?>
<testsuites name="jest tests" tests="20" failures="1" errors="0" time="5.682">
  <testsuite name="LinkService" errors="0" failures="1" skipped="0" timestamp="2023-10-24T12:51:52" time="4.083" tests="1">
    <testcase classname="LinkService should be defined" name="LinkService should be defined" time="0.009">
      <failure>Error: Nest can&apos;t resolve dependencies of the LinkService (?). Please make sure that the argument LinkModel at index [0] is available in the RootTestModule context.

Potential solutions:
- Is RootTestModule a valid NestJS module?
- If LinkModel is a provider, is it part of the current RootTestModule?
- If LinkModel is exported from a separate @Module, is that module imported within RootTestModule?
  @Module({
    imports: [ /* the Module containing LinkModel */ ]
  })

    at TestingInjector.lookupComponentInParentModules (/Users/bastiencantet/Documents/dev/epitech/EIP/stayalive-api/node_modules/@nestjs/core/injector/injector.js:247:19)
    at TestingInjector.resolveComponentInstance (/Users/bastiencantet/Documents/dev/epitech/EIP/stayalive-api/node_modules/@nestjs/core/injector/injector.js:200:33)
    at TestingInjector.resolveComponentInstance (/Users/bastiencantet/Documents/dev/epitech/EIP/stayalive-api/node_modules/@nestjs/testing/testing-injector.js:19:45)
    at resolveParam (/Users/bastiencantet/Documents/dev/epitech/EIP/stayalive-api/node_modules/@nestjs/core/injector/injector.js:120:38)
    at async Promise.all (index 0)
    at TestingInjector.resolveConstructorParams (/Users/bastiencantet/Documents/dev/epitech/EIP/stayalive-api/node_modules/@nestjs/core/injector/injector.js:135:27)
    at TestingInjector.loadInstance (/Users/bastiencantet/Documents/dev/epitech/EIP/stayalive-api/node_modules/@nestjs/core/injector/injector.js:61:13)
    at TestingInjector.loadProvider (/Users/bastiencantet/Documents/dev/epitech/EIP/stayalive-api/node_modules/@nestjs/core/injector/injector.js:88:9)
    at /Users/bastiencantet/Documents/dev/epitech/EIP/stayalive-api/node_modules/@nestjs/core/injector/instance-loader.js:56:13
    at async Promise.all (index 3)
    at TestingInstanceLoader.createInstancesOfProviders (/Users/bastiencantet/Documents/dev/epitech/EIP/stayalive-api/node_modules/@nestjs/core/injector/instance-loader.js:55:9)
    at /Users/bastiencantet/Documents/dev/epitech/EIP/stayalive-api/node_modules/@nestjs/core/injector/instance-loader.js:40:13
    at async Promise.all (index 1)
    at TestingInstanceLoader.createInstances (/Users/bastiencantet/Documents/dev/epitech/EIP/stayalive-api/node_modules/@nestjs/core/injector/instance-loader.js:39:9)
    at TestingInstanceLoader.createInstancesOfDependencies (/Users/bastiencantet/Documents/dev/epitech/EIP/stayalive-api/node_modules/@nestjs/core/injector/instance-loader.js:22:13)
    at TestingInstanceLoader.createInstancesOfDependencies (/Users/bastiencantet/Documents/dev/epitech/EIP/stayalive-api/node_modules/@nestjs/testing/testing-instance-loader.js:9:9)
    at TestingModuleBuilder.createInstancesOfDependencies (/Users/bastiencantet/Documents/dev/epitech/EIP/stayalive-api/node_modules/@nestjs/testing/testing-module.builder.js:97:9)
    at TestingModuleBuilder.compile (/Users/bastiencantet/Documents/dev/epitech/EIP/stayalive-api/node_modules/@nestjs/testing/testing-module.builder.js:63:9)
    at Object.&lt;anonymous&gt; (/Users/bastiencantet/Documents/dev/epitech/EIP/stayalive-api/src/routes/link/link/link.service.spec.ts:8:35)</failure>
    </testcase>
  </testsuite>
  <testsuite name="PositionController" errors="0" failures="0" skipped="0" timestamp="2023-10-24T12:51:52" time="4.674" tests="6">
    <testcase classname="PositionController Test to set the position of rescuer and get it Set the position of the rescuer" name="PositionController Test to set the position of rescuer and get it Set the position of the rescuer" time="0.009">
    </testcase>
    <testcase classname="PositionController Test to set the position of rescuer and get it Get the previous position inserted" name="PositionController Test to set the position of rescuer and get it Get the previous position inserted" time="0.003">
    </testcase>
    <testcase classname="PositionController Test to set the position of rescuer and get it Delete the previous position" name="PositionController Test to set the position of rescuer and get it Delete the previous position" time="0.004">
    </testcase>
    <testcase classname="PositionController Test to set the position of rescuer and get it Should return an error if the position was deleted" name="PositionController Test to set the position of rescuer and get it Should return an error if the position was deleted" time="0.004">
    </testcase>
    <testcase classname="PositionController Get all position and the nearest position Try to get nearest with no position in database" name="PositionController Get all position and the nearest position Try to get nearest with no position in database" time="0.051">
    </testcase>
    <testcase classname="PositionController Get all position and the nearest position Try to get all positions and the nearest with 2 position in database" name="PositionController Get all position and the nearest position Try to get all positions and the nearest with 2 position in database" time="0.073">
    </testcase>
  </testsuite>
  <testsuite name="LinkController" errors="0" failures="0" skipped="0" timestamp="2023-10-24T12:51:52" time="4.862" tests="2">
    <testcase classname="LinkController create a link" name="LinkController create a link" time="0.183">
    </testcase>
    <testcase classname="LinkController delete a link" name="LinkController delete a link" time="0.043">
    </testcase>
  </testsuite>
  <testsuite name="DocumentController" errors="0" failures="0" skipped="0" timestamp="2023-10-24T12:51:52" time="4.844" tests="4">
    <testcase classname="DocumentController Upload, download and delete a document Should accept the upload process" name="DocumentController Upload, download and delete a document Should accept the upload process" time="0.216">
    </testcase>
    <testcase classname="DocumentController Upload, download and delete a document Should download the previous file uploaded" name="DocumentController Upload, download and delete a document Should download the previous file uploaded" time="0.028">
    </testcase>
    <testcase classname="DocumentController Upload, download and delete a document Should get information about the file uploaded" name="DocumentController Upload, download and delete a document Should get information about the file uploaded" time="0.027">
    </testcase>
    <testcase classname="DocumentController Upload, download and delete a document Should delete the previous file uploaded" name="DocumentController Upload, download and delete a document Should delete the previous file uploaded" time="0.012">
    </testcase>
  </testsuite>
  <testsuite name="AuthController" errors="0" failures="0" skipped="0" timestamp="2023-10-24T12:51:52" time="4.921" tests="2">
    <testcase classname="AuthController Register and login the rescuer Register the rescuer should pass the register and get the message" name="AuthController Register and login the rescuer Register the rescuer should pass the register and get the message" time="0.144">
    </testcase>
    <testcase classname="AuthController Register and login the rescuer Login the rescuer should pass the login and get the access token" name="AuthController Register and login the rescuer Login the rescuer should pass the login and get the access token" time="0.072">
    </testcase>
  </testsuite>
  <testsuite name="ForgotPasswordController" errors="0" failures="0" skipped="0" timestamp="2023-10-24T12:51:52" time="4.953" tests="5">
    <testcase classname="ForgotPasswordController Register the rescuer and send a login link Send a forgot password should not pass the forgot password form" name="ForgotPasswordController Register the rescuer and send a login link Send a forgot password should not pass the forgot password form" time="0.165">
    </testcase>
    <testcase classname="ForgotPasswordController Register the rescuer and send a login link Register the rescuer should pass the register and get the message" name="ForgotPasswordController Register the rescuer and send a login link Register the rescuer should pass the register and get the message" time="0.092">
    </testcase>
    <testcase classname="ForgotPasswordController Register the rescuer and send a login link Send a forgot password should pass the forgot password form" name="ForgotPasswordController Register the rescuer and send a login link Send a forgot password should pass the forgot password form" time="0.049">
    </testcase>
    <testcase classname="ForgotPasswordController Register the rescuer and send a login link Should modify the password should not pass the forgot password form" name="ForgotPasswordController Register the rescuer and send a login link Should modify the password should not pass the forgot password form" time="0.025">
    </testcase>
    <testcase classname="ForgotPasswordController Register the rescuer and send a login link Should modify the password should pass the forgot password form" name="ForgotPasswordController Register the rescuer and send a login link Should modify the password should pass the forgot password form" time="0.02">
    </testcase>
  </testsuite>
</testsuites>