<?xml version="1.0" encoding="UTF-8"?>
<testsuites name="jest tests" tests="12" failures="0" errors="0" time="2.655">
  <testsuite name="StatusController" errors="0" failures="0" skipped="0" timestamp="2023-07-26T10:06:07" time="1.993" tests="2">
    <testcase classname="StatusController setStatus should return void" name="StatusController setStatus should return void" time="0.092">
    </testcase>
    <testcase classname="StatusController getStatus should return status" name="StatusController getStatus should return status" time="0.016">
    </testcase>
  </testsuite>
  <testsuite name="AuthController" errors="0" failures="0" skipped="0" timestamp="2023-07-26T10:06:07" time="2.106" tests="2">
    <testcase classname="AuthController Register and login the rescuer Register the rescuer should pass the register and get the message" name="AuthController Register and login the rescuer Register the rescuer should pass the register and get the message" time="0.169">
    </testcase>
    <testcase classname="AuthController Register and login the rescuer Login the rescuer should pass the login and get the access token" name="AuthController Register and login the rescuer Login the rescuer should pass the login and get the access token" time="0.07">
    </testcase>
  </testsuite>
  <testsuite name="ForgotPasswordController" errors="0" failures="0" skipped="0" timestamp="2023-07-26T10:06:07" time="2.141" tests="5">
    <testcase classname="ForgotPasswordController Register the rescuer and send a login link Send a forgot password should not pass the forgot password form" name="ForgotPasswordController Register the rescuer and send a login link Send a forgot password should not pass the forgot password form" time="0.144">
    </testcase>
    <testcase classname="ForgotPasswordController Register the rescuer and send a login link Register the rescuer should pass the register and get the message" name="ForgotPasswordController Register the rescuer and send a login link Register the rescuer should pass the register and get the message" time="0.084">
    </testcase>
    <testcase classname="ForgotPasswordController Register the rescuer and send a login link Send a forgot password should pass the forgot password form" name="ForgotPasswordController Register the rescuer and send a login link Send a forgot password should pass the forgot password form" time="0.06">
    </testcase>
    <testcase classname="ForgotPasswordController Register the rescuer and send a login link Should modify the password should not pass the forgot password form" name="ForgotPasswordController Register the rescuer and send a login link Should modify the password should not pass the forgot password form" time="0.012">
    </testcase>
    <testcase classname="ForgotPasswordController Register the rescuer and send a login link Should modify the password should pass the forgot password form" name="ForgotPasswordController Register the rescuer and send a login link Should modify the password should pass the forgot password form" time="0.011">
    </testcase>
  </testsuite>
  <testsuite name="AuthController" errors="0" failures="0" skipped="0" timestamp="2023-07-26T10:06:07" time="2.178" tests="3">
    <testcase classname="AuthController Test to get account information Register the rescuer should pass the register and get the message" name="AuthController Test to get account information Register the rescuer should pass the register and get the message" time="0.127">
    </testcase>
    <testcase classname="AuthController Test to get account information Login the rescuer should pass the login and get the access token" name="AuthController Test to get account information Login the rescuer should pass the login and get the access token" time="0.093">
    </testcase>
    <testcase classname="AuthController Test to get account information Get the account information should pass the get account information and get the account information" name="AuthController Test to get account information Get the account information should pass the get account information and get the account information" time="0.023">
    </testcase>
  </testsuite>
</testsuites>