<?xml version="1.0" encoding="UTF-8"?>
<testsuites name="jest tests" tests="20" failures="20" errors="0" time="5.696">
  <testsuite name="LinkService" errors="0" failures="1" skipped="0" timestamp="2023-10-24T12:54:04" time="4.563" tests="1">
    <testcase classname="LinkService should be defined" name="LinkService should be defined" time="0.013">
      <failure>Error: Nest can&apos;t resolve dependencies of the LinkService (?). Please make sure that the argument LinkModel at index [0] is available in the RootTestModule context.

Potential solutions:
- Is RootTestModule a valid NestJS module?
- If LinkModel is a provider, is it part of the current RootTestModule?
- If LinkModel is exported from a separate @Module, is that module imported within RootTestModule?
  @Module({
    imports: [ /* the Module containing LinkModel */ ]
  })

    at TestingInjector.lookupComponentInParentModules (/Users/bastiencantet/Documents/dev/epitech/EIP/stayalive-api/node_modules/@nestjs/core/injector/injector.js:247:19)
    at TestingInjector.resolveComponentInstance (/Users/bastiencantet/Documents/dev/epitech/EIP/stayalive-api/node_modules/@nestjs/core/injector/injector.js:200:33)
    at TestingInjector.resolveComponentInstance (/Users/bastiencantet/Documents/dev/epitech/EIP/stayalive-api/node_modules/@nestjs/testing/testing-injector.js:19:45)
    at resolveParam (/Users/bastiencantet/Documents/dev/epitech/EIP/stayalive-api/node_modules/@nestjs/core/injector/injector.js:120:38)
    at async Promise.all (index 0)
    at TestingInjector.resolveConstructorParams (/Users/bastiencantet/Documents/dev/epitech/EIP/stayalive-api/node_modules/@nestjs/core/injector/injector.js:135:27)
    at TestingInjector.loadInstance (/Users/bastiencantet/Documents/dev/epitech/EIP/stayalive-api/node_modules/@nestjs/core/injector/injector.js:61:13)
    at TestingInjector.loadProvider (/Users/bastiencantet/Documents/dev/epitech/EIP/stayalive-api/node_modules/@nestjs/core/injector/injector.js:88:9)
    at /Users/bastiencantet/Documents/dev/epitech/EIP/stayalive-api/node_modules/@nestjs/core/injector/instance-loader.js:56:13
    at async Promise.all (index 3)
    at TestingInstanceLoader.createInstancesOfProviders (/Users/bastiencantet/Documents/dev/epitech/EIP/stayalive-api/node_modules/@nestjs/core/injector/instance-loader.js:55:9)
    at /Users/bastiencantet/Documents/dev/epitech/EIP/stayalive-api/node_modules/@nestjs/core/injector/instance-loader.js:40:13
    at async Promise.all (index 1)
    at TestingInstanceLoader.createInstances (/Users/bastiencantet/Documents/dev/epitech/EIP/stayalive-api/node_modules/@nestjs/core/injector/instance-loader.js:39:9)
    at TestingInstanceLoader.createInstancesOfDependencies (/Users/bastiencantet/Documents/dev/epitech/EIP/stayalive-api/node_modules/@nestjs/core/injector/instance-loader.js:22:13)
    at TestingInstanceLoader.createInstancesOfDependencies (/Users/bastiencantet/Documents/dev/epitech/EIP/stayalive-api/node_modules/@nestjs/testing/testing-instance-loader.js:9:9)
    at TestingModuleBuilder.createInstancesOfDependencies (/Users/bastiencantet/Documents/dev/epitech/EIP/stayalive-api/node_modules/@nestjs/testing/testing-module.builder.js:97:9)
    at TestingModuleBuilder.compile (/Users/bastiencantet/Documents/dev/epitech/EIP/stayalive-api/node_modules/@nestjs/testing/testing-module.builder.js:63:9)
    at Object.&lt;anonymous&gt; (/Users/bastiencantet/Documents/dev/epitech/EIP/stayalive-api/src/routes/link/link/link.service.spec.ts:8:35)</failure>
    </testcase>
  </testsuite>
  <testsuite name="PositionController" errors="0" failures="6" skipped="0" timestamp="2023-10-24T12:54:04" time="4.977" tests="6">
    <testcase classname="PositionController Test to set the position of rescuer and get it Set the position of the rescuer" name="PositionController Test to set the position of rescuer and get it Set the position of the rescuer" time="0.003">
      <failure>Error: Config validation error: &quot;MONGODB_URI&quot; is required. &quot;MONGODB_DATABASE&quot; is required. &quot;REDIS_URL&quot; is required. &quot;JWT_SECRET&quot; is required. &quot;MAILJET_API_KEY&quot; is required. &quot;MAILJET_API_SECRET&quot; is required. &quot;MAILJET_SENDER_NAME&quot; is required. &quot;MAILJET_SENDER_EMAIL&quot; is required
    at Function.forRoot (/Users/bastiencantet/Documents/dev/epitech/EIP/stayalive-api/node_modules/@nestjs/config/dist/config.module.js:75:23)
    at Object.&lt;anonymous&gt; (/Users/bastiencantet/Documents/dev/epitech/EIP/stayalive-api/src/routes/position/position.controller.spec.ts:23:22)
    at Promise.then.completed (/Users/bastiencantet/Documents/dev/epitech/EIP/stayalive-api/node_modules/jest-circus/build/utils.js:301:28)
    at new Promise (&lt;anonymous&gt;)
    at callAsyncCircusFn (/Users/bastiencantet/Documents/dev/epitech/EIP/stayalive-api/node_modules/jest-circus/build/utils.js:234:10)
    at _callCircusHook (/Users/bastiencantet/Documents/dev/epitech/EIP/stayalive-api/node_modules/jest-circus/build/run.js:279:40)
    at processTicksAndRejections (node:internal/process/task_queues:95:5)
    at _runTestsForDescribeBlock (/Users/bastiencantet/Documents/dev/epitech/EIP/stayalive-api/node_modules/jest-circus/build/run.js:94:7)
    at _runTestsForDescribeBlock (/Users/bastiencantet/Documents/dev/epitech/EIP/stayalive-api/node_modules/jest-circus/build/run.js:120:9)
    at run (/Users/bastiencantet/Documents/dev/epitech/EIP/stayalive-api/node_modules/jest-circus/build/run.js:70:3)
    at runAndTransformResultsToJestFormat (/Users/bastiencantet/Documents/dev/epitech/EIP/stayalive-api/node_modules/jest-circus/build/legacy-code-todo-rewrite/jestAdapterInit.js:127:21)
    at jestAdapter (/Users/bastiencantet/Documents/dev/epitech/EIP/stayalive-api/node_modules/jest-circus/build/legacy-code-todo-rewrite/jestAdapter.js:80:19)
    at runTestInternal (/Users/bastiencantet/Documents/dev/epitech/EIP/stayalive-api/node_modules/jest-runner/build/runTest.js:367:16)
    at runTest (/Users/bastiencantet/Documents/dev/epitech/EIP/stayalive-api/node_modules/jest-runner/build/runTest.js:444:34)
    at Object.worker (/Users/bastiencantet/Documents/dev/epitech/EIP/stayalive-api/node_modules/jest-runner/build/testWorker.js:106:12)</failure>
    </testcase>
    <testcase classname="PositionController Test to set the position of rescuer and get it Get the previous position inserted" name="PositionController Test to set the position of rescuer and get it Get the previous position inserted" time="0">
      <failure>Error: Config validation error: &quot;MONGODB_URI&quot; is required. &quot;MONGODB_DATABASE&quot; is required. &quot;REDIS_URL&quot; is required. &quot;JWT_SECRET&quot; is required. &quot;MAILJET_API_KEY&quot; is required. &quot;MAILJET_API_SECRET&quot; is required. &quot;MAILJET_SENDER_NAME&quot; is required. &quot;MAILJET_SENDER_EMAIL&quot; is required
    at Function.forRoot (/Users/bastiencantet/Documents/dev/epitech/EIP/stayalive-api/node_modules/@nestjs/config/dist/config.module.js:75:23)
    at Object.&lt;anonymous&gt; (/Users/bastiencantet/Documents/dev/epitech/EIP/stayalive-api/src/routes/position/position.controller.spec.ts:23:22)
    at Promise.then.completed (/Users/bastiencantet/Documents/dev/epitech/EIP/stayalive-api/node_modules/jest-circus/build/utils.js:301:28)
    at new Promise (&lt;anonymous&gt;)
    at callAsyncCircusFn (/Users/bastiencantet/Documents/dev/epitech/EIP/stayalive-api/node_modules/jest-circus/build/utils.js:234:10)
    at _callCircusHook (/Users/bastiencantet/Documents/dev/epitech/EIP/stayalive-api/node_modules/jest-circus/build/run.js:279:40)
    at processTicksAndRejections (node:internal/process/task_queues:95:5)
    at _runTestsForDescribeBlock (/Users/bastiencantet/Documents/dev/epitech/EIP/stayalive-api/node_modules/jest-circus/build/run.js:94:7)
    at _runTestsForDescribeBlock (/Users/bastiencantet/Documents/dev/epitech/EIP/stayalive-api/node_modules/jest-circus/build/run.js:120:9)
    at run (/Users/bastiencantet/Documents/dev/epitech/EIP/stayalive-api/node_modules/jest-circus/build/run.js:70:3)
    at runAndTransformResultsToJestFormat (/Users/bastiencantet/Documents/dev/epitech/EIP/stayalive-api/node_modules/jest-circus/build/legacy-code-todo-rewrite/jestAdapterInit.js:127:21)
    at jestAdapter (/Users/bastiencantet/Documents/dev/epitech/EIP/stayalive-api/node_modules/jest-circus/build/legacy-code-todo-rewrite/jestAdapter.js:80:19)
    at runTestInternal (/Users/bastiencantet/Documents/dev/epitech/EIP/stayalive-api/node_modules/jest-runner/build/runTest.js:367:16)
    at runTest (/Users/bastiencantet/Documents/dev/epitech/EIP/stayalive-api/node_modules/jest-runner/build/runTest.js:444:34)
    at Object.worker (/Users/bastiencantet/Documents/dev/epitech/EIP/stayalive-api/node_modules/jest-runner/build/testWorker.js:106:12)</failure>
    </testcase>
    <testcase classname="PositionController Test to set the position of rescuer and get it Delete the previous position" name="PositionController Test to set the position of rescuer and get it Delete the previous position" time="0">
      <failure>Error: Config validation error: &quot;MONGODB_URI&quot; is required. &quot;MONGODB_DATABASE&quot; is required. &quot;REDIS_URL&quot; is required. &quot;JWT_SECRET&quot; is required. &quot;MAILJET_API_KEY&quot; is required. &quot;MAILJET_API_SECRET&quot; is required. &quot;MAILJET_SENDER_NAME&quot; is required. &quot;MAILJET_SENDER_EMAIL&quot; is required
    at Function.forRoot (/Users/bastiencantet/Documents/dev/epitech/EIP/stayalive-api/node_modules/@nestjs/config/dist/config.module.js:75:23)
    at Object.&lt;anonymous&gt; (/Users/bastiencantet/Documents/dev/epitech/EIP/stayalive-api/src/routes/position/position.controller.spec.ts:23:22)
    at Promise.then.completed (/Users/bastiencantet/Documents/dev/epitech/EIP/stayalive-api/node_modules/jest-circus/build/utils.js:301:28)
    at new Promise (&lt;anonymous&gt;)
    at callAsyncCircusFn (/Users/bastiencantet/Documents/dev/epitech/EIP/stayalive-api/node_modules/jest-circus/build/utils.js:234:10)
    at _callCircusHook (/Users/bastiencantet/Documents/dev/epitech/EIP/stayalive-api/node_modules/jest-circus/build/run.js:279:40)
    at processTicksAndRejections (node:internal/process/task_queues:95:5)
    at _runTestsForDescribeBlock (/Users/bastiencantet/Documents/dev/epitech/EIP/stayalive-api/node_modules/jest-circus/build/run.js:94:7)
    at _runTestsForDescribeBlock (/Users/bastiencantet/Documents/dev/epitech/EIP/stayalive-api/node_modules/jest-circus/build/run.js:120:9)
    at run (/Users/bastiencantet/Documents/dev/epitech/EIP/stayalive-api/node_modules/jest-circus/build/run.js:70:3)
    at runAndTransformResultsToJestFormat (/Users/bastiencantet/Documents/dev/epitech/EIP/stayalive-api/node_modules/jest-circus/build/legacy-code-todo-rewrite/jestAdapterInit.js:127:21)
    at jestAdapter (/Users/bastiencantet/Documents/dev/epitech/EIP/stayalive-api/node_modules/jest-circus/build/legacy-code-todo-rewrite/jestAdapter.js:80:19)
    at runTestInternal (/Users/bastiencantet/Documents/dev/epitech/EIP/stayalive-api/node_modules/jest-runner/build/runTest.js:367:16)
    at runTest (/Users/bastiencantet/Documents/dev/epitech/EIP/stayalive-api/node_modules/jest-runner/build/runTest.js:444:34)
    at Object.worker (/Users/bastiencantet/Documents/dev/epitech/EIP/stayalive-api/node_modules/jest-runner/build/testWorker.js:106:12)</failure>
    </testcase>
    <testcase classname="PositionController Test to set the position of rescuer and get it Should return an error if the position was deleted" name="PositionController Test to set the position of rescuer and get it Should return an error if the position was deleted" time="0">
      <failure>Error: Config validation error: &quot;MONGODB_URI&quot; is required. &quot;MONGODB_DATABASE&quot; is required. &quot;REDIS_URL&quot; is required. &quot;JWT_SECRET&quot; is required. &quot;MAILJET_API_KEY&quot; is required. &quot;MAILJET_API_SECRET&quot; is required. &quot;MAILJET_SENDER_NAME&quot; is required. &quot;MAILJET_SENDER_EMAIL&quot; is required
    at Function.forRoot (/Users/bastiencantet/Documents/dev/epitech/EIP/stayalive-api/node_modules/@nestjs/config/dist/config.module.js:75:23)
    at Object.&lt;anonymous&gt; (/Users/bastiencantet/Documents/dev/epitech/EIP/stayalive-api/src/routes/position/position.controller.spec.ts:23:22)
    at Promise.then.completed (/Users/bastiencantet/Documents/dev/epitech/EIP/stayalive-api/node_modules/jest-circus/build/utils.js:301:28)
    at new Promise (&lt;anonymous&gt;)
    at callAsyncCircusFn (/Users/bastiencantet/Documents/dev/epitech/EIP/stayalive-api/node_modules/jest-circus/build/utils.js:234:10)
    at _callCircusHook (/Users/bastiencantet/Documents/dev/epitech/EIP/stayalive-api/node_modules/jest-circus/build/run.js:279:40)
    at processTicksAndRejections (node:internal/process/task_queues:95:5)
    at _runTestsForDescribeBlock (/Users/bastiencantet/Documents/dev/epitech/EIP/stayalive-api/node_modules/jest-circus/build/run.js:94:7)
    at _runTestsForDescribeBlock (/Users/bastiencantet/Documents/dev/epitech/EIP/stayalive-api/node_modules/jest-circus/build/run.js:120:9)
    at run (/Users/bastiencantet/Documents/dev/epitech/EIP/stayalive-api/node_modules/jest-circus/build/run.js:70:3)
    at runAndTransformResultsToJestFormat (/Users/bastiencantet/Documents/dev/epitech/EIP/stayalive-api/node_modules/jest-circus/build/legacy-code-todo-rewrite/jestAdapterInit.js:127:21)
    at jestAdapter (/Users/bastiencantet/Documents/dev/epitech/EIP/stayalive-api/node_modules/jest-circus/build/legacy-code-todo-rewrite/jestAdapter.js:80:19)
    at runTestInternal (/Users/bastiencantet/Documents/dev/epitech/EIP/stayalive-api/node_modules/jest-runner/build/runTest.js:367:16)
    at runTest (/Users/bastiencantet/Documents/dev/epitech/EIP/stayalive-api/node_modules/jest-runner/build/runTest.js:444:34)
    at Object.worker (/Users/bastiencantet/Documents/dev/epitech/EIP/stayalive-api/node_modules/jest-runner/build/testWorker.js:106:12)</failure>
    </testcase>
    <testcase classname="PositionController Get all position and the nearest position Try to get nearest with no position in database" name="PositionController Get all position and the nearest position Try to get nearest with no position in database" time="0">
      <failure>Error: Config validation error: &quot;MONGODB_URI&quot; is required. &quot;MONGODB_DATABASE&quot; is required. &quot;REDIS_URL&quot; is required. &quot;JWT_SECRET&quot; is required. &quot;MAILJET_API_KEY&quot; is required. &quot;MAILJET_API_SECRET&quot; is required. &quot;MAILJET_SENDER_NAME&quot; is required. &quot;MAILJET_SENDER_EMAIL&quot; is required
    at Function.forRoot (/Users/bastiencantet/Documents/dev/epitech/EIP/stayalive-api/node_modules/@nestjs/config/dist/config.module.js:75:23)
    at Object.&lt;anonymous&gt; (/Users/bastiencantet/Documents/dev/epitech/EIP/stayalive-api/src/routes/position/position.controller.spec.ts:23:22)
    at Promise.then.completed (/Users/bastiencantet/Documents/dev/epitech/EIP/stayalive-api/node_modules/jest-circus/build/utils.js:301:28)
    at new Promise (&lt;anonymous&gt;)
    at callAsyncCircusFn (/Users/bastiencantet/Documents/dev/epitech/EIP/stayalive-api/node_modules/jest-circus/build/utils.js:234:10)
    at _callCircusHook (/Users/bastiencantet/Documents/dev/epitech/EIP/stayalive-api/node_modules/jest-circus/build/run.js:279:40)
    at processTicksAndRejections (node:internal/process/task_queues:95:5)
    at _runTestsForDescribeBlock (/Users/bastiencantet/Documents/dev/epitech/EIP/stayalive-api/node_modules/jest-circus/build/run.js:94:7)
    at _runTestsForDescribeBlock (/Users/bastiencantet/Documents/dev/epitech/EIP/stayalive-api/node_modules/jest-circus/build/run.js:120:9)
    at run (/Users/bastiencantet/Documents/dev/epitech/EIP/stayalive-api/node_modules/jest-circus/build/run.js:70:3)
    at runAndTransformResultsToJestFormat (/Users/bastiencantet/Documents/dev/epitech/EIP/stayalive-api/node_modules/jest-circus/build/legacy-code-todo-rewrite/jestAdapterInit.js:127:21)
    at jestAdapter (/Users/bastiencantet/Documents/dev/epitech/EIP/stayalive-api/node_modules/jest-circus/build/legacy-code-todo-rewrite/jestAdapter.js:80:19)
    at runTestInternal (/Users/bastiencantet/Documents/dev/epitech/EIP/stayalive-api/node_modules/jest-runner/build/runTest.js:367:16)
    at runTest (/Users/bastiencantet/Documents/dev/epitech/EIP/stayalive-api/node_modules/jest-runner/build/runTest.js:444:34)
    at Object.worker (/Users/bastiencantet/Documents/dev/epitech/EIP/stayalive-api/node_modules/jest-runner/build/testWorker.js:106:12)</failure>
    </testcase>
    <testcase classname="PositionController Get all position and the nearest position Try to get all positions and the nearest with 2 position in database" name="PositionController Get all position and the nearest position Try to get all positions and the nearest with 2 position in database" time="0">
      <failure>Error: Config validation error: &quot;MONGODB_URI&quot; is required. &quot;MONGODB_DATABASE&quot; is required. &quot;REDIS_URL&quot; is required. &quot;JWT_SECRET&quot; is required. &quot;MAILJET_API_KEY&quot; is required. &quot;MAILJET_API_SECRET&quot; is required. &quot;MAILJET_SENDER_NAME&quot; is required. &quot;MAILJET_SENDER_EMAIL&quot; is required
    at Function.forRoot (/Users/bastiencantet/Documents/dev/epitech/EIP/stayalive-api/node_modules/@nestjs/config/dist/config.module.js:75:23)
    at Object.&lt;anonymous&gt; (/Users/bastiencantet/Documents/dev/epitech/EIP/stayalive-api/src/routes/position/position.controller.spec.ts:23:22)
    at Promise.then.completed (/Users/bastiencantet/Documents/dev/epitech/EIP/stayalive-api/node_modules/jest-circus/build/utils.js:301:28)
    at new Promise (&lt;anonymous&gt;)
    at callAsyncCircusFn (/Users/bastiencantet/Documents/dev/epitech/EIP/stayalive-api/node_modules/jest-circus/build/utils.js:234:10)
    at _callCircusHook (/Users/bastiencantet/Documents/dev/epitech/EIP/stayalive-api/node_modules/jest-circus/build/run.js:279:40)
    at processTicksAndRejections (node:internal/process/task_queues:95:5)
    at _runTestsForDescribeBlock (/Users/bastiencantet/Documents/dev/epitech/EIP/stayalive-api/node_modules/jest-circus/build/run.js:94:7)
    at _runTestsForDescribeBlock (/Users/bastiencantet/Documents/dev/epitech/EIP/stayalive-api/node_modules/jest-circus/build/run.js:120:9)
    at run (/Users/bastiencantet/Documents/dev/epitech/EIP/stayalive-api/node_modules/jest-circus/build/run.js:70:3)
    at runAndTransformResultsToJestFormat (/Users/bastiencantet/Documents/dev/epitech/EIP/stayalive-api/node_modules/jest-circus/build/legacy-code-todo-rewrite/jestAdapterInit.js:127:21)
    at jestAdapter (/Users/bastiencantet/Documents/dev/epitech/EIP/stayalive-api/node_modules/jest-circus/build/legacy-code-todo-rewrite/jestAdapter.js:80:19)
    at runTestInternal (/Users/bastiencantet/Documents/dev/epitech/EIP/stayalive-api/node_modules/jest-runner/build/runTest.js:367:16)
    at runTest (/Users/bastiencantet/Documents/dev/epitech/EIP/stayalive-api/node_modules/jest-runner/build/runTest.js:444:34)
    at Object.worker (/Users/bastiencantet/Documents/dev/epitech/EIP/stayalive-api/node_modules/jest-runner/build/testWorker.js:106:12)</failure>
    </testcase>
    <testcase classname=" Test execution failure: could be caused by test hooks like &apos;afterAll&apos;." name=" Test execution failure: could be caused by test hooks like &apos;afterAll&apos;." time="0">
      <failure>{&quot;message&quot;:&quot;&quot;,&quot;stack&quot;:&quot;TypeError: Cannot read properties of undefined (reading &apos;disconnectRedis&apos;)\n    at Object.&lt;anonymous&gt; (/Users/bastiencantet/Documents/dev/epitech/EIP/stayalive-api/src/routes/position/position.controller.spec.ts:45:24)&quot;}</failure>
    </testcase>
  </testsuite>
  <testsuite name="LinkController" errors="0" failures="2" skipped="0" timestamp="2023-10-24T12:54:04" time="5.252" tests="2">
    <testcase classname="LinkController create a link" name="LinkController create a link" time="0.01">
      <failure>Error: Config validation error: &quot;MONGODB_URI&quot; is required. &quot;MONGODB_DATABASE&quot; is required. &quot;REDIS_URL&quot; is required. &quot;JWT_SECRET&quot; is required. &quot;MAILJET_API_KEY&quot; is required. &quot;MAILJET_API_SECRET&quot; is required. &quot;MAILJET_SENDER_NAME&quot; is required. &quot;MAILJET_SENDER_EMAIL&quot; is required
    at Function.forRoot (/Users/bastiencantet/Documents/dev/epitech/EIP/stayalive-api/node_modules/@nestjs/config/dist/config.module.js:75:23)
    at Object.&lt;anonymous&gt; (/Users/bastiencantet/Documents/dev/epitech/EIP/stayalive-api/src/routes/link/link/link.controller.spec.ts:20:22)
    at Promise.then.completed (/Users/bastiencantet/Documents/dev/epitech/EIP/stayalive-api/node_modules/jest-circus/build/utils.js:301:28)
    at new Promise (&lt;anonymous&gt;)
    at callAsyncCircusFn (/Users/bastiencantet/Documents/dev/epitech/EIP/stayalive-api/node_modules/jest-circus/build/utils.js:234:10)
    at _callCircusHook (/Users/bastiencantet/Documents/dev/epitech/EIP/stayalive-api/node_modules/jest-circus/build/run.js:279:40)
    at _runTest (/Users/bastiencantet/Documents/dev/epitech/EIP/stayalive-api/node_modules/jest-circus/build/run.js:244:5)
    at _runTestsForDescribeBlock (/Users/bastiencantet/Documents/dev/epitech/EIP/stayalive-api/node_modules/jest-circus/build/run.js:125:9)
    at _runTestsForDescribeBlock (/Users/bastiencantet/Documents/dev/epitech/EIP/stayalive-api/node_modules/jest-circus/build/run.js:120:9)
    at run (/Users/bastiencantet/Documents/dev/epitech/EIP/stayalive-api/node_modules/jest-circus/build/run.js:70:3)
    at runAndTransformResultsToJestFormat (/Users/bastiencantet/Documents/dev/epitech/EIP/stayalive-api/node_modules/jest-circus/build/legacy-code-todo-rewrite/jestAdapterInit.js:127:21)
    at jestAdapter (/Users/bastiencantet/Documents/dev/epitech/EIP/stayalive-api/node_modules/jest-circus/build/legacy-code-todo-rewrite/jestAdapter.js:80:19)
    at runTestInternal (/Users/bastiencantet/Documents/dev/epitech/EIP/stayalive-api/node_modules/jest-runner/build/runTest.js:367:16)
    at runTest (/Users/bastiencantet/Documents/dev/epitech/EIP/stayalive-api/node_modules/jest-runner/build/runTest.js:444:34)
    at Object.worker (/Users/bastiencantet/Documents/dev/epitech/EIP/stayalive-api/node_modules/jest-runner/build/testWorker.js:106:12)</failure>
    </testcase>
    <testcase classname="LinkController delete a link" name="LinkController delete a link" time="0.004">
      <failure>Error: Config validation error: &quot;MONGODB_URI&quot; is required. &quot;MONGODB_DATABASE&quot; is required. &quot;REDIS_URL&quot; is required. &quot;JWT_SECRET&quot; is required. &quot;MAILJET_API_KEY&quot; is required. &quot;MAILJET_API_SECRET&quot; is required. &quot;MAILJET_SENDER_NAME&quot; is required. &quot;MAILJET_SENDER_EMAIL&quot; is required
    at Function.forRoot (/Users/bastiencantet/Documents/dev/epitech/EIP/stayalive-api/node_modules/@nestjs/config/dist/config.module.js:75:23)
    at Object.&lt;anonymous&gt; (/Users/bastiencantet/Documents/dev/epitech/EIP/stayalive-api/src/routes/link/link/link.controller.spec.ts:20:22)
    at Promise.then.completed (/Users/bastiencantet/Documents/dev/epitech/EIP/stayalive-api/node_modules/jest-circus/build/utils.js:301:28)
    at new Promise (&lt;anonymous&gt;)
    at callAsyncCircusFn (/Users/bastiencantet/Documents/dev/epitech/EIP/stayalive-api/node_modules/jest-circus/build/utils.js:234:10)
    at _callCircusHook (/Users/bastiencantet/Documents/dev/epitech/EIP/stayalive-api/node_modules/jest-circus/build/run.js:279:40)
    at _runTest (/Users/bastiencantet/Documents/dev/epitech/EIP/stayalive-api/node_modules/jest-circus/build/run.js:244:5)
    at _runTestsForDescribeBlock (/Users/bastiencantet/Documents/dev/epitech/EIP/stayalive-api/node_modules/jest-circus/build/run.js:125:9)
    at _runTestsForDescribeBlock (/Users/bastiencantet/Documents/dev/epitech/EIP/stayalive-api/node_modules/jest-circus/build/run.js:120:9)
    at run (/Users/bastiencantet/Documents/dev/epitech/EIP/stayalive-api/node_modules/jest-circus/build/run.js:70:3)
    at runAndTransformResultsToJestFormat (/Users/bastiencantet/Documents/dev/epitech/EIP/stayalive-api/node_modules/jest-circus/build/legacy-code-todo-rewrite/jestAdapterInit.js:127:21)
    at jestAdapter (/Users/bastiencantet/Documents/dev/epitech/EIP/stayalive-api/node_modules/jest-circus/build/legacy-code-todo-rewrite/jestAdapter.js:80:19)
    at runTestInternal (/Users/bastiencantet/Documents/dev/epitech/EIP/stayalive-api/node_modules/jest-runner/build/runTest.js:367:16)
    at runTest (/Users/bastiencantet/Documents/dev/epitech/EIP/stayalive-api/node_modules/jest-runner/build/runTest.js:444:34)
    at Object.worker (/Users/bastiencantet/Documents/dev/epitech/EIP/stayalive-api/node_modules/jest-runner/build/testWorker.js:106:12)</failure>
    </testcase>
  </testsuite>
  <testsuite name="ForgotPasswordController" errors="0" failures="5" skipped="0" timestamp="2023-10-24T12:54:04" time="5.256" tests="5">
    <testcase classname="ForgotPasswordController Register the rescuer and send a login link Send a forgot password should not pass the forgot password form" name="ForgotPasswordController Register the rescuer and send a login link Send a forgot password should not pass the forgot password form" time="0.005">
      <failure>Error: Config validation error: &quot;MONGODB_URI&quot; is required. &quot;MONGODB_DATABASE&quot; is required. &quot;REDIS_URL&quot; is required. &quot;JWT_SECRET&quot; is required. &quot;MAILJET_API_KEY&quot; is required. &quot;MAILJET_API_SECRET&quot; is required. &quot;MAILJET_SENDER_NAME&quot; is required. &quot;MAILJET_SENDER_EMAIL&quot; is required
    at Function.forRoot (/Users/bastiencantet/Documents/dev/epitech/EIP/stayalive-api/node_modules/@nestjs/config/dist/config.module.js:75:23)
    at Object.&lt;anonymous&gt; (/Users/bastiencantet/Documents/dev/epitech/EIP/stayalive-api/src/routes/account/forgotPassword/forgotPassword.controller.spec.ts:31:22)
    at Promise.then.completed (/Users/bastiencantet/Documents/dev/epitech/EIP/stayalive-api/node_modules/jest-circus/build/utils.js:301:28)
    at new Promise (&lt;anonymous&gt;)
    at callAsyncCircusFn (/Users/bastiencantet/Documents/dev/epitech/EIP/stayalive-api/node_modules/jest-circus/build/utils.js:234:10)
    at _callCircusHook (/Users/bastiencantet/Documents/dev/epitech/EIP/stayalive-api/node_modules/jest-circus/build/run.js:279:40)
    at _runTest (/Users/bastiencantet/Documents/dev/epitech/EIP/stayalive-api/node_modules/jest-circus/build/run.js:244:5)
    at _runTestsForDescribeBlock (/Users/bastiencantet/Documents/dev/epitech/EIP/stayalive-api/node_modules/jest-circus/build/run.js:125:9)
    at _runTestsForDescribeBlock (/Users/bastiencantet/Documents/dev/epitech/EIP/stayalive-api/node_modules/jest-circus/build/run.js:120:9)
    at _runTestsForDescribeBlock (/Users/bastiencantet/Documents/dev/epitech/EIP/stayalive-api/node_modules/jest-circus/build/run.js:120:9)
    at _runTestsForDescribeBlock (/Users/bastiencantet/Documents/dev/epitech/EIP/stayalive-api/node_modules/jest-circus/build/run.js:120:9)
    at run (/Users/bastiencantet/Documents/dev/epitech/EIP/stayalive-api/node_modules/jest-circus/build/run.js:70:3)
    at runAndTransformResultsToJestFormat (/Users/bastiencantet/Documents/dev/epitech/EIP/stayalive-api/node_modules/jest-circus/build/legacy-code-todo-rewrite/jestAdapterInit.js:127:21)
    at jestAdapter (/Users/bastiencantet/Documents/dev/epitech/EIP/stayalive-api/node_modules/jest-circus/build/legacy-code-todo-rewrite/jestAdapter.js:80:19)
    at runTestInternal (/Users/bastiencantet/Documents/dev/epitech/EIP/stayalive-api/node_modules/jest-runner/build/runTest.js:367:16)
    at runTest (/Users/bastiencantet/Documents/dev/epitech/EIP/stayalive-api/node_modules/jest-runner/build/runTest.js:444:34)
    at Object.worker (/Users/bastiencantet/Documents/dev/epitech/EIP/stayalive-api/node_modules/jest-runner/build/testWorker.js:106:12)</failure>
    </testcase>
    <testcase classname="ForgotPasswordController Register the rescuer and send a login link Register the rescuer should pass the register and get the message" name="ForgotPasswordController Register the rescuer and send a login link Register the rescuer should pass the register and get the message" time="0.004">
      <failure>Error: Config validation error: &quot;MONGODB_URI&quot; is required. &quot;MONGODB_DATABASE&quot; is required. &quot;REDIS_URL&quot; is required. &quot;JWT_SECRET&quot; is required. &quot;MAILJET_API_KEY&quot; is required. &quot;MAILJET_API_SECRET&quot; is required. &quot;MAILJET_SENDER_NAME&quot; is required. &quot;MAILJET_SENDER_EMAIL&quot; is required
    at Function.forRoot (/Users/bastiencantet/Documents/dev/epitech/EIP/stayalive-api/node_modules/@nestjs/config/dist/config.module.js:75:23)
    at Object.&lt;anonymous&gt; (/Users/bastiencantet/Documents/dev/epitech/EIP/stayalive-api/src/routes/account/forgotPassword/forgotPassword.controller.spec.ts:31:22)
    at Promise.then.completed (/Users/bastiencantet/Documents/dev/epitech/EIP/stayalive-api/node_modules/jest-circus/build/utils.js:301:28)
    at new Promise (&lt;anonymous&gt;)
    at callAsyncCircusFn (/Users/bastiencantet/Documents/dev/epitech/EIP/stayalive-api/node_modules/jest-circus/build/utils.js:234:10)
    at _callCircusHook (/Users/bastiencantet/Documents/dev/epitech/EIP/stayalive-api/node_modules/jest-circus/build/run.js:279:40)
    at _runTest (/Users/bastiencantet/Documents/dev/epitech/EIP/stayalive-api/node_modules/jest-circus/build/run.js:244:5)
    at _runTestsForDescribeBlock (/Users/bastiencantet/Documents/dev/epitech/EIP/stayalive-api/node_modules/jest-circus/build/run.js:125:9)
    at _runTestsForDescribeBlock (/Users/bastiencantet/Documents/dev/epitech/EIP/stayalive-api/node_modules/jest-circus/build/run.js:120:9)
    at _runTestsForDescribeBlock (/Users/bastiencantet/Documents/dev/epitech/EIP/stayalive-api/node_modules/jest-circus/build/run.js:120:9)
    at _runTestsForDescribeBlock (/Users/bastiencantet/Documents/dev/epitech/EIP/stayalive-api/node_modules/jest-circus/build/run.js:120:9)
    at run (/Users/bastiencantet/Documents/dev/epitech/EIP/stayalive-api/node_modules/jest-circus/build/run.js:70:3)
    at runAndTransformResultsToJestFormat (/Users/bastiencantet/Documents/dev/epitech/EIP/stayalive-api/node_modules/jest-circus/build/legacy-code-todo-rewrite/jestAdapterInit.js:127:21)
    at jestAdapter (/Users/bastiencantet/Documents/dev/epitech/EIP/stayalive-api/node_modules/jest-circus/build/legacy-code-todo-rewrite/jestAdapter.js:80:19)
    at runTestInternal (/Users/bastiencantet/Documents/dev/epitech/EIP/stayalive-api/node_modules/jest-runner/build/runTest.js:367:16)
    at runTest (/Users/bastiencantet/Documents/dev/epitech/EIP/stayalive-api/node_modules/jest-runner/build/runTest.js:444:34)
    at Object.worker (/Users/bastiencantet/Documents/dev/epitech/EIP/stayalive-api/node_modules/jest-runner/build/testWorker.js:106:12)</failure>
    </testcase>
    <testcase classname="ForgotPasswordController Register the rescuer and send a login link Send a forgot password should pass the forgot password form" name="ForgotPasswordController Register the rescuer and send a login link Send a forgot password should pass the forgot password form" time="0.004">
      <failure>Error: Config validation error: &quot;MONGODB_URI&quot; is required. &quot;MONGODB_DATABASE&quot; is required. &quot;REDIS_URL&quot; is required. &quot;JWT_SECRET&quot; is required. &quot;MAILJET_API_KEY&quot; is required. &quot;MAILJET_API_SECRET&quot; is required. &quot;MAILJET_SENDER_NAME&quot; is required. &quot;MAILJET_SENDER_EMAIL&quot; is required
    at Function.forRoot (/Users/bastiencantet/Documents/dev/epitech/EIP/stayalive-api/node_modules/@nestjs/config/dist/config.module.js:75:23)
    at Object.&lt;anonymous&gt; (/Users/bastiencantet/Documents/dev/epitech/EIP/stayalive-api/src/routes/account/forgotPassword/forgotPassword.controller.spec.ts:31:22)
    at Promise.then.completed (/Users/bastiencantet/Documents/dev/epitech/EIP/stayalive-api/node_modules/jest-circus/build/utils.js:301:28)
    at new Promise (&lt;anonymous&gt;)
    at callAsyncCircusFn (/Users/bastiencantet/Documents/dev/epitech/EIP/stayalive-api/node_modules/jest-circus/build/utils.js:234:10)
    at _callCircusHook (/Users/bastiencantet/Documents/dev/epitech/EIP/stayalive-api/node_modules/jest-circus/build/run.js:279:40)
    at _runTest (/Users/bastiencantet/Documents/dev/epitech/EIP/stayalive-api/node_modules/jest-circus/build/run.js:244:5)
    at _runTestsForDescribeBlock (/Users/bastiencantet/Documents/dev/epitech/EIP/stayalive-api/node_modules/jest-circus/build/run.js:125:9)
    at _runTestsForDescribeBlock (/Users/bastiencantet/Documents/dev/epitech/EIP/stayalive-api/node_modules/jest-circus/build/run.js:120:9)
    at _runTestsForDescribeBlock (/Users/bastiencantet/Documents/dev/epitech/EIP/stayalive-api/node_modules/jest-circus/build/run.js:120:9)
    at _runTestsForDescribeBlock (/Users/bastiencantet/Documents/dev/epitech/EIP/stayalive-api/node_modules/jest-circus/build/run.js:120:9)
    at run (/Users/bastiencantet/Documents/dev/epitech/EIP/stayalive-api/node_modules/jest-circus/build/run.js:70:3)
    at runAndTransformResultsToJestFormat (/Users/bastiencantet/Documents/dev/epitech/EIP/stayalive-api/node_modules/jest-circus/build/legacy-code-todo-rewrite/jestAdapterInit.js:127:21)
    at jestAdapter (/Users/bastiencantet/Documents/dev/epitech/EIP/stayalive-api/node_modules/jest-circus/build/legacy-code-todo-rewrite/jestAdapter.js:80:19)
    at runTestInternal (/Users/bastiencantet/Documents/dev/epitech/EIP/stayalive-api/node_modules/jest-runner/build/runTest.js:367:16)
    at runTest (/Users/bastiencantet/Documents/dev/epitech/EIP/stayalive-api/node_modules/jest-runner/build/runTest.js:444:34)
    at Object.worker (/Users/bastiencantet/Documents/dev/epitech/EIP/stayalive-api/node_modules/jest-runner/build/testWorker.js:106:12)</failure>
    </testcase>
    <testcase classname="ForgotPasswordController Register the rescuer and send a login link Should modify the password should not pass the forgot password form" name="ForgotPasswordController Register the rescuer and send a login link Should modify the password should not pass the forgot password form" time="0.005">
      <failure>Error: Config validation error: &quot;MONGODB_URI&quot; is required. &quot;MONGODB_DATABASE&quot; is required. &quot;REDIS_URL&quot; is required. &quot;JWT_SECRET&quot; is required. &quot;MAILJET_API_KEY&quot; is required. &quot;MAILJET_API_SECRET&quot; is required. &quot;MAILJET_SENDER_NAME&quot; is required. &quot;MAILJET_SENDER_EMAIL&quot; is required
    at Function.forRoot (/Users/bastiencantet/Documents/dev/epitech/EIP/stayalive-api/node_modules/@nestjs/config/dist/config.module.js:75:23)
    at Object.&lt;anonymous&gt; (/Users/bastiencantet/Documents/dev/epitech/EIP/stayalive-api/src/routes/account/forgotPassword/forgotPassword.controller.spec.ts:31:22)
    at Promise.then.completed (/Users/bastiencantet/Documents/dev/epitech/EIP/stayalive-api/node_modules/jest-circus/build/utils.js:301:28)
    at new Promise (&lt;anonymous&gt;)
    at callAsyncCircusFn (/Users/bastiencantet/Documents/dev/epitech/EIP/stayalive-api/node_modules/jest-circus/build/utils.js:234:10)
    at _callCircusHook (/Users/bastiencantet/Documents/dev/epitech/EIP/stayalive-api/node_modules/jest-circus/build/run.js:279:40)
    at _runTest (/Users/bastiencantet/Documents/dev/epitech/EIP/stayalive-api/node_modules/jest-circus/build/run.js:244:5)
    at _runTestsForDescribeBlock (/Users/bastiencantet/Documents/dev/epitech/EIP/stayalive-api/node_modules/jest-circus/build/run.js:125:9)
    at _runTestsForDescribeBlock (/Users/bastiencantet/Documents/dev/epitech/EIP/stayalive-api/node_modules/jest-circus/build/run.js:120:9)
    at _runTestsForDescribeBlock (/Users/bastiencantet/Documents/dev/epitech/EIP/stayalive-api/node_modules/jest-circus/build/run.js:120:9)
    at _runTestsForDescribeBlock (/Users/bastiencantet/Documents/dev/epitech/EIP/stayalive-api/node_modules/jest-circus/build/run.js:120:9)
    at run (/Users/bastiencantet/Documents/dev/epitech/EIP/stayalive-api/node_modules/jest-circus/build/run.js:70:3)
    at runAndTransformResultsToJestFormat (/Users/bastiencantet/Documents/dev/epitech/EIP/stayalive-api/node_modules/jest-circus/build/legacy-code-todo-rewrite/jestAdapterInit.js:127:21)
    at jestAdapter (/Users/bastiencantet/Documents/dev/epitech/EIP/stayalive-api/node_modules/jest-circus/build/legacy-code-todo-rewrite/jestAdapter.js:80:19)
    at runTestInternal (/Users/bastiencantet/Documents/dev/epitech/EIP/stayalive-api/node_modules/jest-runner/build/runTest.js:367:16)
    at runTest (/Users/bastiencantet/Documents/dev/epitech/EIP/stayalive-api/node_modules/jest-runner/build/runTest.js:444:34)
    at Object.worker (/Users/bastiencantet/Documents/dev/epitech/EIP/stayalive-api/node_modules/jest-runner/build/testWorker.js:106:12)</failure>
    </testcase>
    <testcase classname="ForgotPasswordController Register the rescuer and send a login link Should modify the password should pass the forgot password form" name="ForgotPasswordController Register the rescuer and send a login link Should modify the password should pass the forgot password form" time="0.006">
      <failure>Error: Config validation error: &quot;MONGODB_URI&quot; is required. &quot;MONGODB_DATABASE&quot; is required. &quot;REDIS_URL&quot; is required. &quot;JWT_SECRET&quot; is required. &quot;MAILJET_API_KEY&quot; is required. &quot;MAILJET_API_SECRET&quot; is required. &quot;MAILJET_SENDER_NAME&quot; is required. &quot;MAILJET_SENDER_EMAIL&quot; is required
    at Function.forRoot (/Users/bastiencantet/Documents/dev/epitech/EIP/stayalive-api/node_modules/@nestjs/config/dist/config.module.js:75:23)
    at Object.&lt;anonymous&gt; (/Users/bastiencantet/Documents/dev/epitech/EIP/stayalive-api/src/routes/account/forgotPassword/forgotPassword.controller.spec.ts:31:22)
    at Promise.then.completed (/Users/bastiencantet/Documents/dev/epitech/EIP/stayalive-api/node_modules/jest-circus/build/utils.js:301:28)
    at new Promise (&lt;anonymous&gt;)
    at callAsyncCircusFn (/Users/bastiencantet/Documents/dev/epitech/EIP/stayalive-api/node_modules/jest-circus/build/utils.js:234:10)
    at _callCircusHook (/Users/bastiencantet/Documents/dev/epitech/EIP/stayalive-api/node_modules/jest-circus/build/run.js:279:40)
    at _runTest (/Users/bastiencantet/Documents/dev/epitech/EIP/stayalive-api/node_modules/jest-circus/build/run.js:244:5)
    at _runTestsForDescribeBlock (/Users/bastiencantet/Documents/dev/epitech/EIP/stayalive-api/node_modules/jest-circus/build/run.js:125:9)
    at _runTestsForDescribeBlock (/Users/bastiencantet/Documents/dev/epitech/EIP/stayalive-api/node_modules/jest-circus/build/run.js:120:9)
    at _runTestsForDescribeBlock (/Users/bastiencantet/Documents/dev/epitech/EIP/stayalive-api/node_modules/jest-circus/build/run.js:120:9)
    at _runTestsForDescribeBlock (/Users/bastiencantet/Documents/dev/epitech/EIP/stayalive-api/node_modules/jest-circus/build/run.js:120:9)
    at run (/Users/bastiencantet/Documents/dev/epitech/EIP/stayalive-api/node_modules/jest-circus/build/run.js:70:3)
    at runAndTransformResultsToJestFormat (/Users/bastiencantet/Documents/dev/epitech/EIP/stayalive-api/node_modules/jest-circus/build/legacy-code-todo-rewrite/jestAdapterInit.js:127:21)
    at jestAdapter (/Users/bastiencantet/Documents/dev/epitech/EIP/stayalive-api/node_modules/jest-circus/build/legacy-code-todo-rewrite/jestAdapter.js:80:19)
    at runTestInternal (/Users/bastiencantet/Documents/dev/epitech/EIP/stayalive-api/node_modules/jest-runner/build/runTest.js:367:16)
    at runTest (/Users/bastiencantet/Documents/dev/epitech/EIP/stayalive-api/node_modules/jest-runner/build/runTest.js:444:34)
    at Object.worker (/Users/bastiencantet/Documents/dev/epitech/EIP/stayalive-api/node_modules/jest-runner/build/testWorker.js:106:12)</failure>
    </testcase>
  </testsuite>
  <testsuite name="AuthController" errors="0" failures="2" skipped="0" timestamp="2023-10-24T12:54:04" time="5.295" tests="2">
    <testcase classname="AuthController Register and login the rescuer Register the rescuer should pass the register and get the message" name="AuthController Register and login the rescuer Register the rescuer should pass the register and get the message" time="0.007">
      <failure>Error: Config validation error: &quot;MONGODB_URI&quot; is required. &quot;MONGODB_DATABASE&quot; is required. &quot;REDIS_URL&quot; is required. &quot;JWT_SECRET&quot; is required. &quot;MAILJET_API_KEY&quot; is required. &quot;MAILJET_API_SECRET&quot; is required. &quot;MAILJET_SENDER_NAME&quot; is required. &quot;MAILJET_SENDER_EMAIL&quot; is required
    at Function.forRoot (/Users/bastiencantet/Documents/dev/epitech/EIP/stayalive-api/node_modules/@nestjs/config/dist/config.module.js:75:23)
    at Object.&lt;anonymous&gt; (/Users/bastiencantet/Documents/dev/epitech/EIP/stayalive-api/src/routes/auth/auth.controller.spec.ts:22:22)
    at Promise.then.completed (/Users/bastiencantet/Documents/dev/epitech/EIP/stayalive-api/node_modules/jest-circus/build/utils.js:301:28)
    at new Promise (&lt;anonymous&gt;)
    at callAsyncCircusFn (/Users/bastiencantet/Documents/dev/epitech/EIP/stayalive-api/node_modules/jest-circus/build/utils.js:234:10)
    at _callCircusHook (/Users/bastiencantet/Documents/dev/epitech/EIP/stayalive-api/node_modules/jest-circus/build/run.js:279:40)
    at _runTest (/Users/bastiencantet/Documents/dev/epitech/EIP/stayalive-api/node_modules/jest-circus/build/run.js:244:5)
    at _runTestsForDescribeBlock (/Users/bastiencantet/Documents/dev/epitech/EIP/stayalive-api/node_modules/jest-circus/build/run.js:125:9)
    at _runTestsForDescribeBlock (/Users/bastiencantet/Documents/dev/epitech/EIP/stayalive-api/node_modules/jest-circus/build/run.js:120:9)
    at _runTestsForDescribeBlock (/Users/bastiencantet/Documents/dev/epitech/EIP/stayalive-api/node_modules/jest-circus/build/run.js:120:9)
    at _runTestsForDescribeBlock (/Users/bastiencantet/Documents/dev/epitech/EIP/stayalive-api/node_modules/jest-circus/build/run.js:120:9)
    at run (/Users/bastiencantet/Documents/dev/epitech/EIP/stayalive-api/node_modules/jest-circus/build/run.js:70:3)
    at runAndTransformResultsToJestFormat (/Users/bastiencantet/Documents/dev/epitech/EIP/stayalive-api/node_modules/jest-circus/build/legacy-code-todo-rewrite/jestAdapterInit.js:127:21)
    at jestAdapter (/Users/bastiencantet/Documents/dev/epitech/EIP/stayalive-api/node_modules/jest-circus/build/legacy-code-todo-rewrite/jestAdapter.js:80:19)
    at runTestInternal (/Users/bastiencantet/Documents/dev/epitech/EIP/stayalive-api/node_modules/jest-runner/build/runTest.js:367:16)
    at runTest (/Users/bastiencantet/Documents/dev/epitech/EIP/stayalive-api/node_modules/jest-runner/build/runTest.js:444:34)
    at Object.worker (/Users/bastiencantet/Documents/dev/epitech/EIP/stayalive-api/node_modules/jest-runner/build/testWorker.js:106:12)</failure>
    </testcase>
    <testcase classname="AuthController Register and login the rescuer Login the rescuer should pass the login and get the access token" name="AuthController Register and login the rescuer Login the rescuer should pass the login and get the access token" time="0.004">
      <failure>Error: Config validation error: &quot;MONGODB_URI&quot; is required. &quot;MONGODB_DATABASE&quot; is required. &quot;REDIS_URL&quot; is required. &quot;JWT_SECRET&quot; is required. &quot;MAILJET_API_KEY&quot; is required. &quot;MAILJET_API_SECRET&quot; is required. &quot;MAILJET_SENDER_NAME&quot; is required. &quot;MAILJET_SENDER_EMAIL&quot; is required
    at Function.forRoot (/Users/bastiencantet/Documents/dev/epitech/EIP/stayalive-api/node_modules/@nestjs/config/dist/config.module.js:75:23)
    at Object.&lt;anonymous&gt; (/Users/bastiencantet/Documents/dev/epitech/EIP/stayalive-api/src/routes/auth/auth.controller.spec.ts:22:22)
    at Promise.then.completed (/Users/bastiencantet/Documents/dev/epitech/EIP/stayalive-api/node_modules/jest-circus/build/utils.js:301:28)
    at new Promise (&lt;anonymous&gt;)
    at callAsyncCircusFn (/Users/bastiencantet/Documents/dev/epitech/EIP/stayalive-api/node_modules/jest-circus/build/utils.js:234:10)
    at _callCircusHook (/Users/bastiencantet/Documents/dev/epitech/EIP/stayalive-api/node_modules/jest-circus/build/run.js:279:40)
    at _runTest (/Users/bastiencantet/Documents/dev/epitech/EIP/stayalive-api/node_modules/jest-circus/build/run.js:244:5)
    at _runTestsForDescribeBlock (/Users/bastiencantet/Documents/dev/epitech/EIP/stayalive-api/node_modules/jest-circus/build/run.js:125:9)
    at _runTestsForDescribeBlock (/Users/bastiencantet/Documents/dev/epitech/EIP/stayalive-api/node_modules/jest-circus/build/run.js:120:9)
    at _runTestsForDescribeBlock (/Users/bastiencantet/Documents/dev/epitech/EIP/stayalive-api/node_modules/jest-circus/build/run.js:120:9)
    at _runTestsForDescribeBlock (/Users/bastiencantet/Documents/dev/epitech/EIP/stayalive-api/node_modules/jest-circus/build/run.js:120:9)
    at run (/Users/bastiencantet/Documents/dev/epitech/EIP/stayalive-api/node_modules/jest-circus/build/run.js:70:3)
    at runAndTransformResultsToJestFormat (/Users/bastiencantet/Documents/dev/epitech/EIP/stayalive-api/node_modules/jest-circus/build/legacy-code-todo-rewrite/jestAdapterInit.js:127:21)
    at jestAdapter (/Users/bastiencantet/Documents/dev/epitech/EIP/stayalive-api/node_modules/jest-circus/build/legacy-code-todo-rewrite/jestAdapter.js:80:19)
    at runTestInternal (/Users/bastiencantet/Documents/dev/epitech/EIP/stayalive-api/node_modules/jest-runner/build/runTest.js:367:16)
    at runTest (/Users/bastiencantet/Documents/dev/epitech/EIP/stayalive-api/node_modules/jest-runner/build/runTest.js:444:34)
    at Object.worker (/Users/bastiencantet/Documents/dev/epitech/EIP/stayalive-api/node_modules/jest-runner/build/testWorker.js:106:12)</failure>
    </testcase>
  </testsuite>
  <testsuite name="DocumentController" errors="0" failures="4" skipped="0" timestamp="2023-10-24T12:54:04" time="5.312" tests="4">
    <testcase classname="DocumentController Upload, download and delete a document Should accept the upload process" name="DocumentController Upload, download and delete a document Should accept the upload process" time="0.008">
      <failure>Error: Config validation error: &quot;MONGODB_URI&quot; is required. &quot;MONGODB_DATABASE&quot; is required. &quot;REDIS_URL&quot; is required. &quot;JWT_SECRET&quot; is required. &quot;MAILJET_API_KEY&quot; is required. &quot;MAILJET_API_SECRET&quot; is required. &quot;MAILJET_SENDER_NAME&quot; is required. &quot;MAILJET_SENDER_EMAIL&quot; is required
    at Function.forRoot (/Users/bastiencantet/Documents/dev/epitech/EIP/stayalive-api/node_modules/@nestjs/config/dist/config.module.js:75:23)
    at Object.&lt;anonymous&gt; (/Users/bastiencantet/Documents/dev/epitech/EIP/stayalive-api/src/routes/account/document/document.controller.spec.ts:27:22)
    at Promise.then.completed (/Users/bastiencantet/Documents/dev/epitech/EIP/stayalive-api/node_modules/jest-circus/build/utils.js:301:28)
    at new Promise (&lt;anonymous&gt;)
    at callAsyncCircusFn (/Users/bastiencantet/Documents/dev/epitech/EIP/stayalive-api/node_modules/jest-circus/build/utils.js:234:10)
    at _callCircusHook (/Users/bastiencantet/Documents/dev/epitech/EIP/stayalive-api/node_modules/jest-circus/build/run.js:279:40)
    at _runTest (/Users/bastiencantet/Documents/dev/epitech/EIP/stayalive-api/node_modules/jest-circus/build/run.js:244:5)
    at _runTestsForDescribeBlock (/Users/bastiencantet/Documents/dev/epitech/EIP/stayalive-api/node_modules/jest-circus/build/run.js:125:9)
    at _runTestsForDescribeBlock (/Users/bastiencantet/Documents/dev/epitech/EIP/stayalive-api/node_modules/jest-circus/build/run.js:120:9)
    at _runTestsForDescribeBlock (/Users/bastiencantet/Documents/dev/epitech/EIP/stayalive-api/node_modules/jest-circus/build/run.js:120:9)
    at run (/Users/bastiencantet/Documents/dev/epitech/EIP/stayalive-api/node_modules/jest-circus/build/run.js:70:3)
    at runAndTransformResultsToJestFormat (/Users/bastiencantet/Documents/dev/epitech/EIP/stayalive-api/node_modules/jest-circus/build/legacy-code-todo-rewrite/jestAdapterInit.js:127:21)
    at jestAdapter (/Users/bastiencantet/Documents/dev/epitech/EIP/stayalive-api/node_modules/jest-circus/build/legacy-code-todo-rewrite/jestAdapter.js:80:19)
    at runTestInternal (/Users/bastiencantet/Documents/dev/epitech/EIP/stayalive-api/node_modules/jest-runner/build/runTest.js:367:16)
    at runTest (/Users/bastiencantet/Documents/dev/epitech/EIP/stayalive-api/node_modules/jest-runner/build/runTest.js:444:34)
    at Object.worker (/Users/bastiencantet/Documents/dev/epitech/EIP/stayalive-api/node_modules/jest-runner/build/testWorker.js:106:12)</failure>
    </testcase>
    <testcase classname="DocumentController Upload, download and delete a document Should download the previous file uploaded" name="DocumentController Upload, download and delete a document Should download the previous file uploaded" time="0.002">
      <failure>Error: Config validation error: &quot;MONGODB_URI&quot; is required. &quot;MONGODB_DATABASE&quot; is required. &quot;REDIS_URL&quot; is required. &quot;JWT_SECRET&quot; is required. &quot;MAILJET_API_KEY&quot; is required. &quot;MAILJET_API_SECRET&quot; is required. &quot;MAILJET_SENDER_NAME&quot; is required. &quot;MAILJET_SENDER_EMAIL&quot; is required
    at Function.forRoot (/Users/bastiencantet/Documents/dev/epitech/EIP/stayalive-api/node_modules/@nestjs/config/dist/config.module.js:75:23)
    at Object.&lt;anonymous&gt; (/Users/bastiencantet/Documents/dev/epitech/EIP/stayalive-api/src/routes/account/document/document.controller.spec.ts:27:22)
    at Promise.then.completed (/Users/bastiencantet/Documents/dev/epitech/EIP/stayalive-api/node_modules/jest-circus/build/utils.js:301:28)
    at new Promise (&lt;anonymous&gt;)
    at callAsyncCircusFn (/Users/bastiencantet/Documents/dev/epitech/EIP/stayalive-api/node_modules/jest-circus/build/utils.js:234:10)
    at _callCircusHook (/Users/bastiencantet/Documents/dev/epitech/EIP/stayalive-api/node_modules/jest-circus/build/run.js:279:40)
    at _runTest (/Users/bastiencantet/Documents/dev/epitech/EIP/stayalive-api/node_modules/jest-circus/build/run.js:244:5)
    at _runTestsForDescribeBlock (/Users/bastiencantet/Documents/dev/epitech/EIP/stayalive-api/node_modules/jest-circus/build/run.js:125:9)
    at _runTestsForDescribeBlock (/Users/bastiencantet/Documents/dev/epitech/EIP/stayalive-api/node_modules/jest-circus/build/run.js:120:9)
    at _runTestsForDescribeBlock (/Users/bastiencantet/Documents/dev/epitech/EIP/stayalive-api/node_modules/jest-circus/build/run.js:120:9)
    at run (/Users/bastiencantet/Documents/dev/epitech/EIP/stayalive-api/node_modules/jest-circus/build/run.js:70:3)
    at runAndTransformResultsToJestFormat (/Users/bastiencantet/Documents/dev/epitech/EIP/stayalive-api/node_modules/jest-circus/build/legacy-code-todo-rewrite/jestAdapterInit.js:127:21)
    at jestAdapter (/Users/bastiencantet/Documents/dev/epitech/EIP/stayalive-api/node_modules/jest-circus/build/legacy-code-todo-rewrite/jestAdapter.js:80:19)
    at runTestInternal (/Users/bastiencantet/Documents/dev/epitech/EIP/stayalive-api/node_modules/jest-runner/build/runTest.js:367:16)
    at runTest (/Users/bastiencantet/Documents/dev/epitech/EIP/stayalive-api/node_modules/jest-runner/build/runTest.js:444:34)
    at Object.worker (/Users/bastiencantet/Documents/dev/epitech/EIP/stayalive-api/node_modules/jest-runner/build/testWorker.js:106:12)</failure>
    </testcase>
    <testcase classname="DocumentController Upload, download and delete a document Should get information about the file uploaded" name="DocumentController Upload, download and delete a document Should get information about the file uploaded" time="0.002">
      <failure>Error: Config validation error: &quot;MONGODB_URI&quot; is required. &quot;MONGODB_DATABASE&quot; is required. &quot;REDIS_URL&quot; is required. &quot;JWT_SECRET&quot; is required. &quot;MAILJET_API_KEY&quot; is required. &quot;MAILJET_API_SECRET&quot; is required. &quot;MAILJET_SENDER_NAME&quot; is required. &quot;MAILJET_SENDER_EMAIL&quot; is required
    at Function.forRoot (/Users/bastiencantet/Documents/dev/epitech/EIP/stayalive-api/node_modules/@nestjs/config/dist/config.module.js:75:23)
    at Object.&lt;anonymous&gt; (/Users/bastiencantet/Documents/dev/epitech/EIP/stayalive-api/src/routes/account/document/document.controller.spec.ts:27:22)
    at Promise.then.completed (/Users/bastiencantet/Documents/dev/epitech/EIP/stayalive-api/node_modules/jest-circus/build/utils.js:301:28)
    at new Promise (&lt;anonymous&gt;)
    at callAsyncCircusFn (/Users/bastiencantet/Documents/dev/epitech/EIP/stayalive-api/node_modules/jest-circus/build/utils.js:234:10)
    at _callCircusHook (/Users/bastiencantet/Documents/dev/epitech/EIP/stayalive-api/node_modules/jest-circus/build/run.js:279:40)
    at _runTest (/Users/bastiencantet/Documents/dev/epitech/EIP/stayalive-api/node_modules/jest-circus/build/run.js:244:5)
    at _runTestsForDescribeBlock (/Users/bastiencantet/Documents/dev/epitech/EIP/stayalive-api/node_modules/jest-circus/build/run.js:125:9)
    at _runTestsForDescribeBlock (/Users/bastiencantet/Documents/dev/epitech/EIP/stayalive-api/node_modules/jest-circus/build/run.js:120:9)
    at _runTestsForDescribeBlock (/Users/bastiencantet/Documents/dev/epitech/EIP/stayalive-api/node_modules/jest-circus/build/run.js:120:9)
    at run (/Users/bastiencantet/Documents/dev/epitech/EIP/stayalive-api/node_modules/jest-circus/build/run.js:70:3)
    at runAndTransformResultsToJestFormat (/Users/bastiencantet/Documents/dev/epitech/EIP/stayalive-api/node_modules/jest-circus/build/legacy-code-todo-rewrite/jestAdapterInit.js:127:21)
    at jestAdapter (/Users/bastiencantet/Documents/dev/epitech/EIP/stayalive-api/node_modules/jest-circus/build/legacy-code-todo-rewrite/jestAdapter.js:80:19)
    at runTestInternal (/Users/bastiencantet/Documents/dev/epitech/EIP/stayalive-api/node_modules/jest-runner/build/runTest.js:367:16)
    at runTest (/Users/bastiencantet/Documents/dev/epitech/EIP/stayalive-api/node_modules/jest-runner/build/runTest.js:444:34)
    at Object.worker (/Users/bastiencantet/Documents/dev/epitech/EIP/stayalive-api/node_modules/jest-runner/build/testWorker.js:106:12)</failure>
    </testcase>
    <testcase classname="DocumentController Upload, download and delete a document Should delete the previous file uploaded" name="DocumentController Upload, download and delete a document Should delete the previous file uploaded" time="0.002">
      <failure>Error: Config validation error: &quot;MONGODB_URI&quot; is required. &quot;MONGODB_DATABASE&quot; is required. &quot;REDIS_URL&quot; is required. &quot;JWT_SECRET&quot; is required. &quot;MAILJET_API_KEY&quot; is required. &quot;MAILJET_API_SECRET&quot; is required. &quot;MAILJET_SENDER_NAME&quot; is required. &quot;MAILJET_SENDER_EMAIL&quot; is required
    at Function.forRoot (/Users/bastiencantet/Documents/dev/epitech/EIP/stayalive-api/node_modules/@nestjs/config/dist/config.module.js:75:23)
    at Object.&lt;anonymous&gt; (/Users/bastiencantet/Documents/dev/epitech/EIP/stayalive-api/src/routes/account/document/document.controller.spec.ts:27:22)
    at Promise.then.completed (/Users/bastiencantet/Documents/dev/epitech/EIP/stayalive-api/node_modules/jest-circus/build/utils.js:301:28)
    at new Promise (&lt;anonymous&gt;)
    at callAsyncCircusFn (/Users/bastiencantet/Documents/dev/epitech/EIP/stayalive-api/node_modules/jest-circus/build/utils.js:234:10)
    at _callCircusHook (/Users/bastiencantet/Documents/dev/epitech/EIP/stayalive-api/node_modules/jest-circus/build/run.js:279:40)
    at _runTest (/Users/bastiencantet/Documents/dev/epitech/EIP/stayalive-api/node_modules/jest-circus/build/run.js:244:5)
    at _runTestsForDescribeBlock (/Users/bastiencantet/Documents/dev/epitech/EIP/stayalive-api/node_modules/jest-circus/build/run.js:125:9)
    at _runTestsForDescribeBlock (/Users/bastiencantet/Documents/dev/epitech/EIP/stayalive-api/node_modules/jest-circus/build/run.js:120:9)
    at _runTestsForDescribeBlock (/Users/bastiencantet/Documents/dev/epitech/EIP/stayalive-api/node_modules/jest-circus/build/run.js:120:9)
    at run (/Users/bastiencantet/Documents/dev/epitech/EIP/stayalive-api/node_modules/jest-circus/build/run.js:70:3)
    at runAndTransformResultsToJestFormat (/Users/bastiencantet/Documents/dev/epitech/EIP/stayalive-api/node_modules/jest-circus/build/legacy-code-todo-rewrite/jestAdapterInit.js:127:21)
    at jestAdapter (/Users/bastiencantet/Documents/dev/epitech/EIP/stayalive-api/node_modules/jest-circus/build/legacy-code-todo-rewrite/jestAdapter.js:80:19)
    at runTestInternal (/Users/bastiencantet/Documents/dev/epitech/EIP/stayalive-api/node_modules/jest-runner/build/runTest.js:367:16)
    at runTest (/Users/bastiencantet/Documents/dev/epitech/EIP/stayalive-api/node_modules/jest-runner/build/runTest.js:444:34)
    at Object.worker (/Users/bastiencantet/Documents/dev/epitech/EIP/stayalive-api/node_modules/jest-runner/build/testWorker.js:106:12)</failure>
    </testcase>
  </testsuite>
</testsuites>